<?xml version="1.0" encoding="UTF-8"?>
<!-- Generated by org.testng.reporters.JUnitXMLReporter -->
<testsuite ignored="2" hostname="DESKTOP-493EAAE" failures="0" tests="1" name="Default test" time="2.503" errors="0" timestamp="2022-03-16T21:27:10 IST">
  <testcase classname="tests.Test01_GET" name="test01" time="2.451"/>
  <testcase classname="tests.Test01_GET" name="test02" time="0.0">
    <ignored/>
  </testcase> <!-- test02 -->
  <testcase classname="tests.Test01_GET" name="test03" time="0.0">
    <ignored/>
  </testcase> <!-- test03 -->
</testsuite> <!-- Default test -->
