<?xml version="1.0" encoding="UTF-8"?>
<!-- Generated by org.testng.reporters.JUnitXMLReporter -->
<testsuite ignored="0" hostname="IN-122P5Y2" failures="0" tests="5" name="Test" time="8.071" errors="0" timestamp="2022-03-16T16:43:14 IST">
  <testcase classname="tests.Test01_GET" name="test01" time="3.01"/>
  <testcase classname="tests.Test01_GET" name="test02" time="0.53"/>
  <testcase classname="tests.Test01_GET" name="test03" time="1.737"/>
  <testcase classname="tests.Test02_Get" name="test_01" time="1.785"/>
  <testcase classname="tests.Test02_POST" name="test01_post" time="0.935"/>
</testsuite> <!-- Test -->
