<?xml version="1.0" encoding="UTF-8"?>
<!-- Generated by org.testng.reporters.JUnitXMLReporter -->
<testsuite ignored="0" hostname="IN-122P5Y2" failures="0" tests="8" name="Test" time="9.899" errors="0" timestamp="2022-04-02T19:14:14 IST">
  <testcase classname="tests.Test01_GET" name="test01" time="3.365"/>
  <testcase classname="tests.Test01_GET" name="test02" time="0.448"/>
  <testcase classname="tests.Test01_GET" name="test03" time="1.555"/>
  <testcase classname="tests.Test02_Get" name="test_01" time="1.241"/>
  <testcase classname="tests.Test02_POST" name="test01_post" time="0.752"/>
  <testcase classname="tests.Test02_POST" name="test02_put" time="1.024"/>
  <testcase classname="tests.Test02_POST" name="test03_patch" time="0.714"/>
  <testcase classname="tests.Test02_POST" name="test04_patch" time="0.681"/>
</testsuite> <!-- Test -->
