<?xml version="1.0" encoding="UTF-8"?>
<!-- Generated by org.testng.reporters.JUnitXMLReporter -->
<testsuite ignored="0" hostname="DESKTOP-493EAAE" failures="0" tests="8" name="Test" time="9.527" errors="0" timestamp="2022-04-14T19:31:42 IST">
  <testcase classname="tests.Test01_GET" name="test01" time="3.018"/>
  <testcase classname="tests.Test01_GET" name="test02" time="0.692"/>
  <testcase classname="tests.Test01_GET" name="test03" time="1.649"/>
  <testcase classname="tests.Test02_Get" name="test_01" time="1.722"/>
  <testcase classname="tests.Test02_POST" name="test01_post" time="0.653"/>
  <testcase classname="tests.Test02_POST" name="test02_put" time="0.58"/>
  <testcase classname="tests.Test02_POST" name="test03_patch" time="0.584"/>
  <testcase classname="tests.Test02_POST" name="test04_patch" time="0.571"/>
</testsuite> <!-- Test -->
