<?xml version="1.0" encoding="UTF-8"?>
<!-- Generated by org.testng.reporters.JUnitXMLReporter -->
<testsuite ignored="0" hostname="DESKTOP-493EAAE" failures="0" tests="8" name="Test" time="15.604" errors="0" timestamp="2022-04-21T09:46:33 IST">
  <testcase classname="tests.Test01_GET" name="test01" time="5.927"/>
  <testcase classname="tests.Test01_GET" name="test02" time="0.904"/>
  <testcase classname="tests.Test01_GET" name="test03" time="3.839"/>
  <testcase classname="tests.Test02_Get" name="test_01" time="2.278"/>
  <testcase classname="tests.Test02_POST" name="test01_post" time="0.73"/>
  <testcase classname="tests.Test02_POST" name="test02_put" time="0.616"/>
  <testcase classname="tests.Test02_POST" name="test03_patch" time="0.614"/>
  <testcase classname="tests.Test02_POST" name="test04_patch" time="0.608"/>
</testsuite> <!-- Test -->
