<?xml version="1.0" encoding="UTF-8"?>
<!-- Generated by org.testng.reporters.JUnitXMLReporter -->
<testsuite ignored="0" hostname="DESKTOP-493EAAE" failures="0" tests="10" name="Test" time="12.447" errors="0" timestamp="2022-04-21T10:01:07 IST">
  <testcase classname="tests.Test01_GET" name="test01" time="2.538"/>
  <testcase classname="tests.Test01_GET" name="test02" time="0.826"/>
  <testcase classname="tests.Test01_GET" name="test03" time="3.804"/>
  <testcase classname="tests.Test02_Get" name="test_01" time="1.477"/>
  <testcase classname="tests.Test02_POST" name="test01_post" time="0.681"/>
  <testcase classname="tests.Test02_POST" name="test02_put" time="0.617"/>
  <testcase classname="tests.Test02_POST" name="test03_patch" time="0.611"/>
  <testcase classname="tests.Test02_POST" name="test04_patch" time="0.612"/>
  <testcase classname="tests.Test03_GET" name="Test03" time="0.607"/>
  <testcase classname="tests.Test04_POST" name="Test04" time="0.608"/>
</testsuite> <!-- Test -->
