<?xml version="1.0" encoding="UTF-8"?>
<testng-results ignored="0" total="5" passed="5" failed="0" skipped="0">
  <reporter-output>
  </reporter-output>
  <suite started-at="2022-03-16T16:43:06 IST" name="Suite" finished-at="2022-03-16T16:43:14 IST" duration-ms="8071">
    <groups>
    </groups>
    <test started-at="2022-03-16T16:43:06 IST" name="Test" finished-at="2022-03-16T16:43:14 IST" duration-ms="8071">
      <class name="tests.Test02_POST">
        <test-method signature="test01_post()[pri:0, instance:tests.Test02_POST@20ccf40b]" started-at="2022-03-16T16:43:13 IST" name="test01_post" finished-at="2022-03-16T16:43:14 IST" duration-ms="935" status="PASS">
          <reporter-output>
          </reporter-output>
        </test-method> <!-- test01_post -->
      </class> <!-- tests.Test02_POST -->
      <class name="tests.Test01_GET">
        <test-method signature="test01()[pri:0, instance:tests.Test01_GET@5fbdfdcf]" started-at="2022-03-16T16:43:06 IST" name="test01" finished-at="2022-03-16T16:43:09 IST" duration-ms="3010" status="PASS">
          <reporter-output>
          </reporter-output>
        </test-method> <!-- test01 -->
        <test-method signature="test02()[pri:0, instance:tests.Test01_GET@5fbdfdcf]" started-at="2022-03-16T16:43:09 IST" name="test02" finished-at="2022-03-16T16:43:09 IST" duration-ms="530" status="PASS">
          <reporter-output>
          </reporter-output>
        </test-method> <!-- test02 -->
        <test-method signature="test03()[pri:0, instance:tests.Test01_GET@5fbdfdcf]" started-at="2022-03-16T16:43:09 IST" name="test03" finished-at="2022-03-16T16:43:11 IST" duration-ms="1737" status="PASS">
          <reporter-output>
          </reporter-output>
        </test-method> <!-- test03 -->
      </class> <!-- tests.Test01_GET -->
      <class name="tests.Test02_Get">
        <test-method signature="test_01()[pri:0, instance:tests.Test02_Get@2b91004a]" started-at="2022-03-16T16:43:11 IST" name="test_01" finished-at="2022-03-16T16:43:13 IST" duration-ms="1785" status="PASS">
          <reporter-output>
          </reporter-output>
        </test-method> <!-- test_01 -->
      </class> <!-- tests.Test02_Get -->
    </test> <!-- Test -->
  </suite> <!-- Suite -->
</testng-results>
