<?xml version="1.0" encoding="UTF-8"?>
<testng-results ignored="0" total="3" passed="3" failed="0" skipped="0">
  <reporter-output>
  </reporter-output>
  <suite started-at="2022-03-12T14:05:23 IST" name="Default suite" finished-at="2022-03-12T14:05:28 IST" duration-ms="5192">
    <groups>
    </groups>
    <test started-at="2022-03-12T14:05:23 IST" name="Default test" finished-at="2022-03-12T14:05:28 IST" duration-ms="5192">
      <class name="tests.Test01_GET">
        <test-method signature="test01()[pri:0, instance:tests.Test01_GET@70e8f8e]" started-at="2022-03-12T14:05:23 IST" name="test01" finished-at="2022-03-12T14:05:26 IST" duration-ms="2633" status="PASS">
          <reporter-output>
          </reporter-output>
        </test-method> <!-- test01 -->
        <test-method signature="test02()[pri:0, instance:tests.Test01_GET@70e8f8e]" started-at="2022-03-12T14:05:26 IST" name="test02" finished-at="2022-03-12T14:05:26 IST" duration-ms="665" status="PASS">
          <reporter-output>
          </reporter-output>
        </test-method> <!-- test02 -->
        <test-method signature="test03()[pri:0, instance:tests.Test01_GET@70e8f8e]" started-at="2022-03-12T14:05:26 IST" name="test03" finished-at="2022-03-12T14:05:28 IST" duration-ms="1844" status="PASS">
          <reporter-output>
          </reporter-output>
        </test-method> <!-- test03 -->
      </class> <!-- tests.Test01_GET -->
    </test> <!-- Default test -->
  </suite> <!-- Default suite -->
</testng-results>
